{"/home/karlos/Desktop/openclaw/eucomply/src/lib/ai/assess.ts": {"path":"/home/karlos/Desktop/openclaw/eucomply/src/lib/ai/assess.ts","statementMap":{"0":{"start":{"line":34,"column":2},"end":{"line":34,"column":null}},"1":{"start":{"line":34,"column":19},"end":{"line":34,"column":null}},"2":{"start":{"line":35,"column":2},"end":{"line":35,"column":null}},"3":{"start":{"line":35,"column":19},"end":{"line":35,"column":null}},"4":{"start":{"line":36,"column":2},"end":{"line":36,"column":null}},"5":{"start":{"line":58,"column":19},"end":{"line":58,"column":39}},"6":{"start":{"line":61,"column":52},"end":{"line":70,"column":4}},"7":{"start":{"line":72,"column":2},"end":{"line":75,"column":null}},"8":{"start":{"line":73,"column":4},"end":{"line":75,"column":null}},"9":{"start":{"line":77,"column":2},"end":{"line":80,"column":null}},"10":{"start":{"line":78,"column":4},"end":{"line":80,"column":null}},"11":{"start":{"line":83,"column":18},"end":{"line":83,"column":null}},"12":{"start":{"line":84,"column":21},"end":{"line":84,"column":null}},"13":{"start":{"line":85,"column":26},"end":{"line":85,"column":49}},"14":{"start":{"line":88,"column":17},"end":{"line":88,"column":76}},"15":{"start":{"line":92,"column":20},"end":{"line":96,"column":61}},"16":{"start":{"line":98,"column":25},"end":{"line":98,"column":null}},"17":{"start":{"line":102,"column":51},"end":{"line":126,"column":13}},"18":{"start":{"line":128,"column":2},"end":{"line":132,"column":null}},"19":{"start":{"line":129,"column":4},"end":{"line":129,"column":null}},"20":{"start":{"line":130,"column":4},"end":{"line":132,"column":null}},"21":{"start":{"line":136,"column":29},"end":{"line":144,"column":38}},"22":{"start":{"line":146,"column":2},"end":{"line":151,"column":null}},"23":{"start":{"line":148,"column":4},"end":{"line":151,"column":null}},"24":{"start":{"line":154,"column":2},"end":{"line":154,"column":null}}},"fnMap":{"0":{"name":"deriveStatus","decl":{"start":{"line":31,"column":9},"end":{"line":31,"column":null}},"loc":{"start":{"line":33,"column":65},"end":{"line":36,"column":null}},"line":33},"1":{"name":"runAssessment","decl":{"start":{"line":54,"column":22},"end":{"line":54,"column":null}},"loc":{"start":{"line":57,"column":35},"end":{"line":154,"column":null}},"line":57}},"branchMap":{"0":{"loc":{"start":{"line":34,"column":2},"end":{"line":34,"column":null}},"type":"if","locations":[{"start":{"line":34,"column":2},"end":{"line":34,"column":null}},{"start":{},"end":{}}],"line":34},"1":{"loc":{"start":{"line":35,"column":2},"end":{"line":35,"column":null}},"type":"if","locations":[{"start":{"line":35,"column":2},"end":{"line":35,"column":null}},{"start":{},"end":{}}],"line":35},"2":{"loc":{"start":{"line":72,"column":2},"end":{"line":75,"column":null}},"type":"if","locations":[{"start":{"line":72,"column":2},"end":{"line":75,"column":null}},{"start":{},"end":{}}],"line":72},"3":{"loc":{"start":{"line":72,"column":6},"end":{"line":72,"column":44}},"type":"binary-expr","locations":[{"start":{"line":72,"column":6},"end":{"line":72,"column":26}},{"start":{"line":72,"column":26},"end":{"line":72,"column":44}}],"line":72},"4":{"loc":{"start":{"line":74,"column":40},"end":{"line":74,"column":null}},"type":"cond-expr","locations":[{"start":{"line":74,"column":59},"end":{"line":74,"column":94}},{"start":{"line":74,"column":94},"end":{"line":74,"column":null}}],"line":74},"5":{"loc":{"start":{"line":77,"column":2},"end":{"line":80,"column":null}},"type":"if","locations":[{"start":{"line":77,"column":2},"end":{"line":80,"column":null}},{"start":{},"end":{}}],"line":77},"6":{"loc":{"start":{"line":77,"column":6},"end":{"line":77,"column":50}},"type":"binary-expr","locations":[{"start":{"line":77,"column":6},"end":{"line":77,"column":29}},{"start":{"line":77,"column":29},"end":{"line":77,"column":50}}],"line":77},"7":{"loc":{"start":{"line":79,"column":46},"end":{"line":79,"column":null}},"type":"cond-expr","locations":[{"start":{"line":79,"column":68},"end":{"line":79,"column":106}},{"start":{"line":79,"column":106},"end":{"line":79,"column":null}}],"line":79},"8":{"loc":{"start":{"line":85,"column":26},"end":{"line":85,"column":49}},"type":"binary-expr","locations":[{"start":{"line":85,"column":26},"end":{"line":85,"column":47}},{"start":{"line":85,"column":47},"end":{"line":85,"column":49}}],"line":85},"9":{"loc":{"start":{"line":98,"column":25},"end":{"line":98,"column":null}},"type":"cond-expr","locations":[{"start":{"line":98,"column":39},"end":{"line":98,"column":51}},{"start":{"line":98,"column":51},"end":{"line":98,"column":null}}],"line":98},"10":{"loc":{"start":{"line":128,"column":2},"end":{"line":132,"column":null}},"type":"if","locations":[{"start":{"line":128,"column":2},"end":{"line":132,"column":null}},{"start":{},"end":{}}],"line":128},"11":{"loc":{"start":{"line":128,"column":6},"end":{"line":128,"column":34}},"type":"binary-expr","locations":[{"start":{"line":128,"column":6},"end":{"line":128,"column":21}},{"start":{"line":128,"column":21},"end":{"line":128,"column":34}}],"line":128},"12":{"loc":{"start":{"line":131,"column":34},"end":{"line":131,"column":null}},"type":"cond-expr","locations":[{"start":{"line":131,"column":48},"end":{"line":131,"column":77}},{"start":{"line":131,"column":77},"end":{"line":131,"column":null}}],"line":131},"13":{"loc":{"start":{"line":146,"column":2},"end":{"line":151,"column":null}},"type":"if","locations":[{"start":{"line":146,"column":2},"end":{"line":151,"column":null}},{"start":{},"end":{}}],"line":146}},"s":{"0":0,"1":0,"2":0,"3":0,"4":0,"5":0,"6":0,"7":0,"8":0,"9":0,"10":0,"11":0,"12":0,"13":0,"14":0,"15":0,"16":0,"17":0,"18":0,"19":0,"20":0,"21":0,"22":0,"23":0,"24":0},"f":{"0":0,"1":0},"b":{"0":[0,0],"1":[0,0],"2":[0,0],"3":[0,0],"4":[0,0],"5":[0,0],"6":[0,0],"7":[0,0],"8":[0,0],"9":[0,0],"10":[0,0],"11":[0,0],"12":[0,0],"13":[0,0]},"meta":{"lastBranch":14,"lastFunction":2,"lastStatement":25,"seen":{"f:31:9:31:Infinity":0,"b:34:2:34:Infinity:undefined:undefined:undefined:undefined":0,"s:34:2:34:Infinity":0,"s:34:19:34:Infinity":1,"b:35:2:35:Infinity:undefined:undefined:undefined:undefined":1,"s:35:2:35:Infinity":2,"s:35:19:35:Infinity":3,"s:36:2:36:Infinity":4,"f:54:22:54:Infinity":1,"s:58:19:58:39":5,"s:61:52:70:4":6,"b:72:2:75:Infinity:undefined:undefined:undefined:undefined":2,"s:72:2:75:Infinity":7,"b:72:6:72:26:72:26:72:44":3,"s:73:4:75:Infinity":8,"b:74:59:74:94:74:94:74:Infinity":4,"b:77:2:80:Infinity:undefined:undefined:undefined:undefined":5,"s:77:2:80:Infinity":9,"b:77:6:77:29:77:29:77:50":6,"s:78:4:80:Infinity":10,"b:79:68:79:106:79:106:79:Infinity":7,"s:83:18:83:Infinity":11,"s:84:21:84:Infinity":12,"s:85:26:85:49":13,"b:85:26:85:47:85:47:85:49":8,"s:88:17:88:76":14,"s:92:20:96:61":15,"s:98:25:98:Infinity":16,"b:98:39:98:51:98:51:98:Infinity":9,"s:102:51:126:13":17,"b:128:2:132:Infinity:undefined:undefined:undefined:undefined":10,"s:128:2:132:Infinity":18,"b:128:6:128:21:128:21:128:34":11,"s:129:4:129:Infinity":19,"s:130:4:132:Infinity":20,"b:131:48:131:77:131:77:131:Infinity":12,"s:136:29:144:38":21,"b:146:2:151:Infinity:undefined:undefined:undefined:undefined":13,"s:146:2:151:Infinity":22,"s:148:4:151:Infinity":23,"s:154:2:154:Infinity":24}}}
,"/home/karlos/Desktop/openclaw/eucomply/src/lib/ai/assessor.ts": {"path":"/home/karlos/Desktop/openclaw/eucomply/src/lib/ai/assessor.ts","statementMap":{"0":{"start":{"line":13,"column":35},"end":{"line":141,"column":null}},"1":{"start":{"line":184,"column":8},"end":{"line":184,"column":37}},"2":{"start":{"line":186,"column":8},"end":{"line":186,"column":66}},"3":{"start":{"line":187,"column":29},"end":{"line":187,"column":64}},"4":{"start":{"line":188,"column":31},"end":{"line":188,"column":62}},"5":{"start":{"line":190,"column":23},"end":{"line":192,"column":null}},"6":{"start":{"line":201,"column":19},"end":{"line":231,"column":4}},"7":{"start":{"line":233,"column":23},"end":{"line":234,"column":null}},"8":{"start":{"line":234,"column":15},"end":{"line":234,"column":null}},"9":{"start":{"line":236,"column":2},"end":{"line":237,"column":null}},"10":{"start":{"line":237,"column":4},"end":{"line":237,"column":null}},"11":{"start":{"line":240,"column":2},"end":{"line":240,"column":null}},"12":{"start":{"line":246,"column":35},"end":{"line":265,"column":null}},"13":{"start":{"line":267,"column":2},"end":{"line":267,"column":null}},"14":{"start":{"line":267,"column":29},"end":{"line":267,"column":40}},"15":{"start":{"line":271,"column":2},"end":{"line":276,"column":null}},"16":{"start":{"line":274,"column":8},"end":{"line":274,"column":null}}},"fnMap":{"0":{"name":"assessCompliance","decl":{"start":{"line":179,"column":22},"end":{"line":179,"column":null}},"loc":{"start":{"line":183,"column":29},"end":{"line":240,"column":null}},"line":183},"1":{"name":"(anonymous_1)","decl":{"start":{"line":233,"column":40},"end":{"line":233,"column":null}},"loc":{"start":{"line":234,"column":15},"end":{"line":234,"column":null}},"line":234},"2":{"name":"formatCompanyForAssessment","decl":{"start":{"line":245,"column":9},"end":{"line":245,"column":36}},"loc":{"start":{"line":245,"column":62},"end":{"line":267,"column":null}},"line":245},"3":{"name":"(anonymous_3)","decl":{"start":{"line":267,"column":15},"end":{"line":267,"column":23}},"loc":{"start":{"line":267,"column":29},"end":{"line":267,"column":40}},"line":267},"4":{"name":"formatChecklist","decl":{"start":{"line":270,"column":9},"end":{"line":270,"column":25}},"loc":{"start":{"line":270,"column":57},"end":{"line":276,"column":null}},"line":270},"5":{"name":"(anonymous_5)","decl":{"start":{"line":272,"column":5},"end":{"line":272,"column":null}},"loc":{"start":{"line":274,"column":8},"end":{"line":274,"column":null}},"line":274}},"branchMap":{"0":{"loc":{"start":{"line":219,"column":13},"end":{"line":219,"column":null}},"type":"binary-expr","locations":[{"start":{"line":219,"column":13},"end":{"line":219,"column":37}},{"start":{"line":219,"column":37},"end":{"line":219,"column":null}}],"line":219},"1":{"loc":{"start":{"line":221,"column":12},"end":{"line":221,"column":null}},"type":"binary-expr","locations":[{"start":{"line":221,"column":12},"end":{"line":221,"column":47}},{"start":{"line":221,"column":47},"end":{"line":221,"column":null}}],"line":221},"2":{"loc":{"start":{"line":222,"column":13},"end":{"line":222,"column":null}},"type":"binary-expr","locations":[{"start":{"line":222,"column":13},"end":{"line":222,"column":42}},{"start":{"line":222,"column":42},"end":{"line":222,"column":null}}],"line":222},"3":{"loc":{"start":{"line":223,"column":15},"end":{"line":223,"column":null}},"type":"binary-expr","locations":[{"start":{"line":223,"column":15},"end":{"line":223,"column":46}},{"start":{"line":223,"column":46},"end":{"line":223,"column":null}}],"line":223},"4":{"loc":{"start":{"line":236,"column":2},"end":{"line":237,"column":null}},"type":"if","locations":[{"start":{"line":236,"column":2},"end":{"line":237,"column":null}},{"start":{},"end":{}}],"line":236},"5":{"loc":{"start":{"line":236,"column":6},"end":{"line":236,"column":57}},"type":"binary-expr","locations":[{"start":{"line":236,"column":6},"end":{"line":236,"column":23}},{"start":{"line":236,"column":23},"end":{"line":236,"column":57}}],"line":236},"6":{"loc":{"start":{"line":248,"column":4},"end":{"line":248,"column":null}},"type":"cond-expr","locations":[{"start":{"line":248,"column":25},"end":{"line":248,"column":56}},{"start":{"line":248,"column":56},"end":{"line":248,"column":null}}],"line":248},"7":{"loc":{"start":{"line":249,"column":15},"end":{"line":249,"column":null}},"type":"binary-expr","locations":[{"start":{"line":249,"column":15},"end":{"line":249,"column":42}},{"start":{"line":249,"column":42},"end":{"line":249,"column":null}}],"line":249},"8":{"loc":{"start":{"line":250,"column":13},"end":{"line":250,"column":53}},"type":"binary-expr","locations":[{"start":{"line":250,"column":13},"end":{"line":250,"column":37}},{"start":{"line":250,"column":37},"end":{"line":250,"column":53}}],"line":250},"9":{"loc":{"start":{"line":250,"column":57},"end":{"line":250,"column":87}},"type":"binary-expr","locations":[{"start":{"line":250,"column":57},"end":{"line":250,"column":83}},{"start":{"line":250,"column":83},"end":{"line":250,"column":87}}],"line":250},"10":{"loc":{"start":{"line":251,"column":4},"end":{"line":253,"column":null}},"type":"cond-expr","locations":[{"start":{"line":252,"column":8},"end":{"line":252,"column":null}},{"start":{"line":253,"column":8},"end":{"line":253,"column":null}}],"line":251},"11":{"loc":{"start":{"line":254,"column":17},"end":{"line":254,"column":36}},"type":"binary-expr","locations":[{"start":{"line":254,"column":17},"end":{"line":254,"column":33}},{"start":{"line":254,"column":33},"end":{"line":254,"column":36}}],"line":254},"12":{"loc":{"start":{"line":254,"column":39},"end":{"line":254,"column":65}},"type":"binary-expr","locations":[{"start":{"line":254,"column":39},"end":{"line":254,"column":62}},{"start":{"line":254,"column":62},"end":{"line":254,"column":65}}],"line":254},"13":{"loc":{"start":{"line":274,"column":108},"end":{"line":274,"column":null}},"type":"cond-expr","locations":[{"start":{"line":274,"column":127},"end":{"line":274,"column":156}},{"start":{"line":274,"column":156},"end":{"line":274,"column":null}}],"line":274}},"s":{"0":1,"1":17,"2":17,"3":17,"4":17,"5":17,"6":17,"7":17,"8":17,"9":17,"10":3,"11":14,"12":17,"13":17,"14":272,"15":17,"16":45},"f":{"0":17,"1":17,"2":17,"3":272,"4":17,"5":45},"b":{"0":[17,2],"1":[17,2],"2":[17,2],"3":[17,2],"4":[3,14],"5":[17,14],"6":[16,1],"7":[17,1],"8":[17,0],"9":[17,0],"10":[16,1],"11":[17,1],"12":[17,1],"13":[45,0]},"meta":{"lastBranch":14,"lastFunction":6,"lastStatement":17,"seen":{"s:13:35:141:Infinity":0,"f:179:22:179:Infinity":0,"s:184:8:184:37":1,"s:186:8:186:66":2,"s:187:29:187:64":3,"s:188:31:188:62":4,"s:190:23:192:Infinity":5,"s:201:19:231:4":6,"b:219:13:219:37:219:37:219:Infinity":0,"b:221:12:221:47:221:47:221:Infinity":1,"b:222:13:222:42:222:42:222:Infinity":2,"b:223:15:223:46:223:46:223:Infinity":3,"s:233:23:234:Infinity":7,"f:233:40:233:Infinity":1,"s:234:15:234:Infinity":8,"b:236:2:237:Infinity:undefined:undefined:undefined:undefined":4,"s:236:2:237:Infinity":9,"b:236:6:236:23:236:23:236:57":5,"s:237:4:237:Infinity":10,"s:240:2:240:Infinity":11,"f:245:9:245:36":2,"s:246:35:265:Infinity":12,"b:248:25:248:56:248:56:248:Infinity":6,"b:249:15:249:42:249:42:249:Infinity":7,"b:250:13:250:37:250:37:250:53":8,"b:250:57:250:83:250:83:250:87":9,"b:252:8:252:Infinity:253:8:253:Infinity":10,"b:254:17:254:33:254:33:254:36":11,"b:254:39:254:62:254:62:254:65":12,"s:267:2:267:Infinity":13,"f:267:15:267:23":3,"s:267:29:267:40":14,"f:270:9:270:25":4,"s:271:2:276:Infinity":15,"f:272:5:272:Infinity":5,"s:274:8:274:Infinity":16,"b:274:127:274:156:274:156:274:Infinity":13}}}
,"/home/karlos/Desktop/openclaw/eucomply/src/lib/ai/classifier.ts": {"path":"/home/karlos/Desktop/openclaw/eucomply/src/lib/ai/classifier.ts","statementMap":{"0":{"start":{"line":12,"column":38},"end":{"line":67,"column":null}},"1":{"start":{"line":87,"column":2},"end":{"line":87,"column":null}},"2":{"start":{"line":116,"column":8},"end":{"line":116,"column":37}},"3":{"start":{"line":118,"column":29},"end":{"line":118,"column":58}},"4":{"start":{"line":120,"column":19},"end":{"line":133,"column":4}},"5":{"start":{"line":136,"column":23},"end":{"line":137,"column":null}},"6":{"start":{"line":137,"column":15},"end":{"line":137,"column":null}},"7":{"start":{"line":139,"column":2},"end":{"line":140,"column":null}},"8":{"start":{"line":140,"column":4},"end":{"line":140,"column":null}},"9":{"start":{"line":143,"column":17},"end":{"line":143,"column":null}},"10":{"start":{"line":144,"column":2},"end":{"line":144,"column":null}},"11":{"start":{"line":150,"column":35},"end":{"line":171,"column":null}},"12":{"start":{"line":173,"column":2},"end":{"line":173,"column":null}}},"fnMap":{"0":{"name":"buildClassificationSystemPrompt","decl":{"start":{"line":86,"column":9},"end":{"line":86,"column":51}},"loc":{"start":{"line":86,"column":51},"end":{"line":87,"column":null}},"line":86},"1":{"name":"classifyRegulations","decl":{"start":{"line":113,"column":22},"end":{"line":113,"column":null}},"loc":{"start":{"line":115,"column":33},"end":{"line":144,"column":null}},"line":115},"2":{"name":"(anonymous_2)","decl":{"start":{"line":136,"column":40},"end":{"line":136,"column":null}},"loc":{"start":{"line":137,"column":15},"end":{"line":137,"column":null}},"line":137},"3":{"name":"formatCompanyProfile","decl":{"start":{"line":149,"column":9},"end":{"line":149,"column":30}},"loc":{"start":{"line":149,"column":56},"end":{"line":173,"column":null}},"line":149}},"branchMap":{"0":{"loc":{"start":{"line":139,"column":2},"end":{"line":140,"column":null}},"type":"if","locations":[{"start":{"line":139,"column":2},"end":{"line":140,"column":null}},{"start":{},"end":{}}],"line":139},"1":{"loc":{"start":{"line":139,"column":6},"end":{"line":139,"column":57}},"type":"binary-expr","locations":[{"start":{"line":139,"column":6},"end":{"line":139,"column":23}},{"start":{"line":139,"column":23},"end":{"line":139,"column":57}}],"line":139},"2":{"loc":{"start":{"line":152,"column":4},"end":{"line":152,"column":null}},"type":"cond-expr","locations":[{"start":{"line":152,"column":25},"end":{"line":152,"column":56}},{"start":{"line":152,"column":56},"end":{"line":152,"column":null}}],"line":152},"3":{"loc":{"start":{"line":153,"column":24},"end":{"line":153,"column":null}},"type":"binary-expr","locations":[{"start":{"line":153,"column":24},"end":{"line":153,"column":51}},{"start":{"line":153,"column":51},"end":{"line":153,"column":null}}],"line":153},"4":{"loc":{"start":{"line":154,"column":13},"end":{"line":154,"column":null}},"type":"binary-expr","locations":[{"start":{"line":154,"column":13},"end":{"line":154,"column":37}},{"start":{"line":154,"column":37},"end":{"line":154,"column":null}}],"line":154},"5":{"loc":{"start":{"line":155,"column":18},"end":{"line":155,"column":null}},"type":"binary-expr","locations":[{"start":{"line":155,"column":18},"end":{"line":155,"column":44}},{"start":{"line":155,"column":44},"end":{"line":155,"column":null}}],"line":155},"6":{"loc":{"start":{"line":156,"column":4},"end":{"line":158,"column":null}},"type":"cond-expr","locations":[{"start":{"line":157,"column":8},"end":{"line":157,"column":null}},{"start":{"line":158,"column":8},"end":{"line":158,"column":null}}],"line":156},"7":{"loc":{"start":{"line":160,"column":4},"end":{"line":160,"column":null}},"type":"cond-expr","locations":[{"start":{"line":160,"column":19},"end":{"line":160,"column":45}},{"start":{"line":160,"column":45},"end":{"line":160,"column":null}}],"line":160}},"s":{"0":1,"1":13,"2":13,"3":13,"4":13,"5":13,"6":12,"7":13,"8":2,"9":11,"10":11,"11":13,"12":13},"f":{"0":13,"1":13,"2":12,"3":13},"b":{"0":[2,11],"1":[13,11],"2":[13,0],"3":[13,0],"4":[13,0],"5":[13,0],"6":[13,0],"7":[13,0]},"meta":{"lastBranch":8,"lastFunction":4,"lastStatement":13,"seen":{"s:12:38:67:Infinity":0,"f:86:9:86:51":0,"s:87:2:87:Infinity":1,"f:113:22:113:Infinity":1,"s:116:8:116:37":2,"s:118:29:118:58":3,"s:120:19:133:4":4,"s:136:23:137:Infinity":5,"f:136:40:136:Infinity":2,"s:137:15:137:Infinity":6,"b:139:2:140:Infinity:undefined:undefined:undefined:undefined":0,"s:139:2:140:Infinity":7,"b:139:6:139:23:139:23:139:57":1,"s:140:4:140:Infinity":8,"s:143:17:143:Infinity":9,"s:144:2:144:Infinity":10,"f:149:9:149:30":3,"s:150:35:171:Infinity":11,"b:152:25:152:56:152:56:152:Infinity":2,"b:153:24:153:51:153:51:153:Infinity":3,"b:154:13:154:37:154:37:154:Infinity":4,"b:155:18:155:44:155:44:155:Infinity":5,"b:157:8:157:Infinity:158:8:158:Infinity":6,"b:160:19:160:45:160:45:160:Infinity":7,"s:173:2:173:Infinity":12}}}
,"/home/karlos/Desktop/openclaw/eucomply/src/lib/ai/classify.ts": {"path":"/home/karlos/Desktop/openclaw/eucomply/src/lib/ai/classify.ts","statementMap":{"0":{"start":{"line":33,"column":19},"end":{"line":33,"column":39}},"1":{"start":{"line":36,"column":49},"end":{"line":40,"column":13}},"2":{"start":{"line":42,"column":2},"end":{"line":45,"column":null}},"3":{"start":{"line":43,"column":4},"end":{"line":45,"column":null}},"4":{"start":{"line":49,"column":49},"end":{"line":52,"column":26}},"5":{"start":{"line":54,"column":2},"end":{"line":57,"column":null}},"6":{"start":{"line":55,"column":4},"end":{"line":57,"column":null}},"7":{"start":{"line":61,"column":17},"end":{"line":61,"column":62}},"8":{"start":{"line":64,"column":43},"end":{"line":64,"column":45}},"9":{"start":{"line":65,"column":2},"end":{"line":66,"column":null}},"10":{"start":{"line":66,"column":4},"end":{"line":66,"column":null}},"11":{"start":{"line":71,"column":21},"end":{"line":81,"column":7}},"12":{"start":{"line":72,"column":19},"end":{"line":72,"column":47}},"13":{"start":{"line":73,"column":17},"end":{"line":81,"column":7}},"14":{"start":{"line":83,"column":2},"end":{"line":92,"column":null}},"15":{"start":{"line":84,"column":35},"end":{"line":86,"column":69}},"16":{"start":{"line":88,"column":4},"end":{"line":92,"column":null}},"17":{"start":{"line":89,"column":6},"end":{"line":89,"column":null}},"18":{"start":{"line":90,"column":6},"end":{"line":92,"column":null}},"19":{"start":{"line":96,"column":2},"end":{"line":96,"column":null}}},"fnMap":{"0":{"name":"runClassification","decl":{"start":{"line":30,"column":22},"end":{"line":30,"column":null}},"loc":{"start":{"line":32,"column":33},"end":{"line":96,"column":null}},"line":32},"1":{"name":"(anonymous_1)","decl":{"start":{"line":72,"column":5},"end":{"line":72,"column":13}},"loc":{"start":{"line":72,"column":19},"end":{"line":72,"column":47}},"line":72},"2":{"name":"(anonymous_2)","decl":{"start":{"line":73,"column":5},"end":{"line":73,"column":10}},"loc":{"start":{"line":73,"column":17},"end":{"line":81,"column":7}},"line":73}},"branchMap":{"0":{"loc":{"start":{"line":42,"column":2},"end":{"line":45,"column":null}},"type":"if","locations":[{"start":{"line":42,"column":2},"end":{"line":45,"column":null}},{"start":{},"end":{}}],"line":42},"1":{"loc":{"start":{"line":42,"column":6},"end":{"line":42,"column":32}},"type":"binary-expr","locations":[{"start":{"line":42,"column":6},"end":{"line":42,"column":22}},{"start":{"line":42,"column":22},"end":{"line":42,"column":32}}],"line":42},"2":{"loc":{"start":{"line":44,"column":40},"end":{"line":44,"column":null}},"type":"cond-expr","locations":[{"start":{"line":44,"column":55},"end":{"line":44,"column":86}},{"start":{"line":44,"column":86},"end":{"line":44,"column":null}}],"line":44},"3":{"loc":{"start":{"line":54,"column":2},"end":{"line":57,"column":null}},"type":"if","locations":[{"start":{"line":54,"column":2},"end":{"line":57,"column":null}},{"start":{},"end":{}}],"line":54},"4":{"loc":{"start":{"line":54,"column":6},"end":{"line":54,"column":32}},"type":"binary-expr","locations":[{"start":{"line":54,"column":6},"end":{"line":54,"column":18}},{"start":{"line":54,"column":18},"end":{"line":54,"column":32}}],"line":54},"5":{"loc":{"start":{"line":56,"column":36},"end":{"line":56,"column":null}},"type":"cond-expr","locations":[{"start":{"line":56,"column":47},"end":{"line":56,"column":73}},{"start":{"line":56,"column":73},"end":{"line":56,"column":null}}],"line":56},"6":{"loc":{"start":{"line":83,"column":2},"end":{"line":92,"column":null}},"type":"if","locations":[{"start":{"line":83,"column":2},"end":{"line":92,"column":null}},{"start":{},"end":{}}],"line":83},"7":{"loc":{"start":{"line":88,"column":4},"end":{"line":92,"column":null}},"type":"if","locations":[{"start":{"line":88,"column":4},"end":{"line":92,"column":null}},{"start":{},"end":{}}],"line":88}},"s":{"0":0,"1":0,"2":0,"3":0,"4":0,"5":0,"6":0,"7":0,"8":0,"9":0,"10":0,"11":0,"12":0,"13":0,"14":0,"15":0,"16":0,"17":0,"18":0,"19":0},"f":{"0":0,"1":0,"2":0},"b":{"0":[0,0],"1":[0,0],"2":[0,0],"3":[0,0],"4":[0,0],"5":[0,0],"6":[0,0],"7":[0,0]},"meta":{"lastBranch":8,"lastFunction":3,"lastStatement":20,"seen":{"f:30:22:30:Infinity":0,"s:33:19:33:39":0,"s:36:49:40:13":1,"b:42:2:45:Infinity:undefined:undefined:undefined:undefined":0,"s:42:2:45:Infinity":2,"b:42:6:42:22:42:22:42:32":1,"s:43:4:45:Infinity":3,"b:44:55:44:86:44:86:44:Infinity":2,"s:49:49:52:26":4,"b:54:2:57:Infinity:undefined:undefined:undefined:undefined":3,"s:54:2:57:Infinity":5,"b:54:6:54:18:54:18:54:32":4,"s:55:4:57:Infinity":6,"b:56:47:56:73:56:73:56:Infinity":5,"s:61:17:61:62":7,"s:64:43:64:45":8,"s:65:2:66:Infinity":9,"s:66:4:66:Infinity":10,"s:71:21:81:7":11,"f:72:5:72:13":1,"s:72:19:72:47":12,"f:73:5:73:10":2,"s:73:17:81:7":13,"b:83:2:92:Infinity:undefined:undefined:undefined:undefined":6,"s:83:2:92:Infinity":14,"s:84:35:86:69":15,"b:88:4:92:Infinity:undefined:undefined:undefined:undefined":7,"s:88:4:92:Infinity":16,"s:89:6:89:Infinity":17,"s:90:6:92:Infinity":18,"s:96:2:96:Infinity":19}}}
,"/home/karlos/Desktop/openclaw/eucomply/src/lib/ai/client.ts": {"path":"/home/karlos/Desktop/openclaw/eucomply/src/lib/ai/client.ts","statementMap":{"0":{"start":{"line":3,"column":32},"end":{"line":3,"column":null}},"1":{"start":{"line":10,"column":2},"end":{"line":10,"column":null}},"2":{"start":{"line":10,"column":15},"end":{"line":10,"column":null}},"3":{"start":{"line":12,"column":17},"end":{"line":12,"column":null}},"4":{"start":{"line":13,"column":2},"end":{"line":16,"column":null}},"5":{"start":{"line":14,"column":4},"end":{"line":16,"column":null}},"6":{"start":{"line":19,"column":2},"end":{"line":19,"column":null}},"7":{"start":{"line":20,"column":2},"end":{"line":20,"column":null}},"8":{"start":{"line":24,"column":22},"end":{"line":29,"column":null}},"9":{"start":{"line":31,"column":35},"end":{"line":31,"column":null}},"10":{"start":{"line":32,"column":35},"end":{"line":32,"column":null}},"11":{"start":{"line":33,"column":33},"end":{"line":33,"column":null}}},"fnMap":{"0":{"name":"getAnthropicClient","decl":{"start":{"line":9,"column":16},"end":{"line":9,"column":48}},"loc":{"start":{"line":9,"column":48},"end":{"line":20,"column":null}},"line":9}},"branchMap":{"0":{"loc":{"start":{"line":10,"column":2},"end":{"line":10,"column":null}},"type":"if","locations":[{"start":{"line":10,"column":2},"end":{"line":10,"column":null}},{"start":{},"end":{}}],"line":10},"1":{"loc":{"start":{"line":13,"column":2},"end":{"line":16,"column":null}},"type":"if","locations":[{"start":{"line":13,"column":2},"end":{"line":16,"column":null}},{"start":{},"end":{}}],"line":13}},"s":{"0":4,"1":4,"2":1,"3":3,"4":3,"5":1,"6":2,"7":2,"8":4,"9":4,"10":4,"11":4},"f":{"0":4},"b":{"0":[1,3],"1":[1,2]},"meta":{"lastBranch":2,"lastFunction":1,"lastStatement":12,"seen":{"s:3:32:3:Infinity":0,"f:9:16:9:48":0,"b:10:2:10:Infinity:undefined:undefined:undefined:undefined":0,"s:10:2:10:Infinity":1,"s:10:15:10:Infinity":2,"s:12:17:12:Infinity":3,"b:13:2:16:Infinity:undefined:undefined:undefined:undefined":1,"s:13:2:16:Infinity":4,"s:14:4:16:Infinity":5,"s:19:2:19:Infinity":6,"s:20:2:20:Infinity":7,"s:24:22:29:Infinity":8,"s:31:35:31:Infinity":9,"s:32:35:32:Infinity":10,"s:33:33:33:Infinity":11}}}
}
